23:19:45.866 INFO [main] org.lenskit.cli.Main: Starting LensKit 3.0-M1 on Java 1.8.0_77 from Oracle Corporation
23:19:45.922 DEBUG [main] org.lenskit.LenskitInfo: have 5573 active revisions
23:19:45.932 DEBUG [main] org.lenskit.cli.Main: Built from Git revision c0210fa3281ef8b15b0959bcd5fced43c5fec38a
23:19:45.933 DEBUG [main] org.lenskit.cli.Main: Using VM 'Java HotSpot(TM) 64-Bit Server VM' version 25.77-b03 from Oracle Corporation
23:19:45.933 INFO [main] org.lenskit.cli.Main: Have 4 processors and heap limit of 1820 MiB
23:19:45.959 INFO [main] org.lenskit.cli.util.RecommenderLoader: creating fresh recommender
23:19:46.688 INFO [main] org.lenskit.config.ConfigurationLoader: loading script from file:/Users/Xiasen/Documents/recommend%20system/course%201/week%202/nonpers-assignment/etc/lift-assoc.groovy
23:19:47.541 DEBUG [main] org.lenskit.data.dao.file.TextEntitySource: loading source ratings with base URI file:/Users/Xiasen/Documents/recommend%20system/course%201/week%202/nonpers-assignment/data/movielens.yml
23:19:47.541 DEBUG [main] org.lenskit.data.dao.file.TextEntitySource: resolved file URI: file:/Users/Xiasen/Documents/recommend%20system/course%201/week%202/nonpers-assignment/data/ratings.csv
23:19:47.552 INFO [main] org.lenskit.data.dao.file.TextEntitySource: loading text file source ratings to read from file:/Users/Xiasen/Documents/recommend%20system/course%201/week%202/nonpers-assignment/data/ratings.csv
23:19:47.560 DEBUG [main] org.lenskit.data.dao.file.TextEntitySource: ratings: using delimiter ,
23:19:47.560 DEBUG [main] org.lenskit.data.dao.file.TextEntitySource: ratings: reading header
23:19:47.560 DEBUG [main] org.lenskit.data.dao.file.TextEntitySource: ratings: reading entities of type EntityType[rating]
23:19:47.613 DEBUG [main] org.lenskit.data.dao.file.TextEntitySource: class org.lenskit.data.ratings.RatingBuilder: using entity builder {}
23:19:47.613 DEBUG [main] org.lenskit.data.dao.file.TextEntitySource: loading source movies with base URI file:/Users/Xiasen/Documents/recommend%20system/course%201/week%202/nonpers-assignment/data/movielens.yml
23:19:47.613 DEBUG [main] org.lenskit.data.dao.file.TextEntitySource: resolved file URI: file:/Users/Xiasen/Documents/recommend%20system/course%201/week%202/nonpers-assignment/data/movies.csv
23:19:47.614 INFO [main] org.lenskit.data.dao.file.TextEntitySource: loading text file source movies to read from file:/Users/Xiasen/Documents/recommend%20system/course%201/week%202/nonpers-assignment/data/movies.csv
23:19:47.614 DEBUG [main] org.lenskit.data.dao.file.TextEntitySource: movies: using delimiter ,
23:19:47.614 DEBUG [main] org.lenskit.data.dao.file.TextEntitySource: movies: reading header
23:19:47.614 DEBUG [main] org.lenskit.data.dao.file.TextEntitySource: movies: reading entities of type EntityType[item]
23:19:47.615 DEBUG [main] org.lenskit.data.dao.file.TextEntitySource: class org.lenskit.data.entities.BasicEntityBuilder: using entity builder {}
23:19:47.616 DEBUG [main] org.lenskit.data.dao.file.TextEntitySource: loading source tags with base URI file:/Users/Xiasen/Documents/recommend%20system/course%201/week%202/nonpers-assignment/data/movielens.yml
23:19:47.616 DEBUG [main] org.lenskit.data.dao.file.TextEntitySource: resolved file URI: file:/Users/Xiasen/Documents/recommend%20system/course%201/week%202/nonpers-assignment/data/tags.csv
23:19:47.616 INFO [main] org.lenskit.data.dao.file.TextEntitySource: loading text file source tags to read from file:/Users/Xiasen/Documents/recommend%20system/course%201/week%202/nonpers-assignment/data/tags.csv
23:19:47.616 DEBUG [main] org.lenskit.data.dao.file.TextEntitySource: tags: using delimiter ,
23:19:47.616 DEBUG [main] org.lenskit.data.dao.file.TextEntitySource: tags: reading header
23:19:47.616 DEBUG [main] org.lenskit.data.dao.file.TextEntitySource: tags: reading entities of type EntityType[item-tag]
23:19:47.617 DEBUG [main] org.lenskit.data.dao.file.TextEntitySource: class org.lenskit.data.entities.BasicEntityBuilder: using entity builder {}
23:19:47.620 DEBUG [main] org.lenskit.LenskitRecommenderEngineBuilder: building graph from 3 configurations
23:19:47.801 DEBUG [main] org.lenskit.inject.RecommenderInstantiator: replacing nodes in graph with 9 nodes
23:19:47.833 DEBUG [main] org.lenskit.inject.RecommenderInstantiator: found 5 shared nodes
23:19:51.096 INFO [main] org.lenskit.data.dao.file.StaticDataSource: deriving entity type EntityType[user] from EntityType[rating] (column TypedName[user: long])
23:19:51.380 INFO [main] org.lenskit.data.dao.file.StaticDataSource: deriving entity type EntityType[item] from EntityType[rating] (column TypedName[item: long])
23:19:51.523 DEBUG [main] org.lenskit.data.entities.EntityCollectionBuilder: built collection of 2500 entities with type EntityType[item] and 2 indexes
23:19:51.576 DEBUG [main] org.lenskit.data.entities.EntityCollectionBuilder: built collection of 264505 entities with type EntityType[rating] and 2 indexes
23:19:51.595 DEBUG [main] org.lenskit.data.entities.EntityCollectionBuilder: built collection of 94875 entities with type EntityType[item-tag] and 2 indexes
23:19:51.596 DEBUG [main] org.lenskit.data.entities.EntityCollectionBuilder: built collection of 862 entities with type EntityType[user] and 2 indexes
23:20:16.190 DEBUG [main] org.lenskit.mooc.nonpers.assoc.AssociationModel: transforming input map for 2500 items into log data
23:20:16.589 DEBUG [main] org.lenskit.inject.RecommenderInstantiator: final graph has 9 nodes
23:20:16.594 INFO [main] org.lenskit.cli.util.RecommenderLoader: built recommender in 28.97 s
23:20:16.602 INFO [main] org.lenskit.cli.commands.GlobalRecommend: using 1 reference items: [2761]
23:20:16.631 INFO [main] org.lenskit.cli.commands.GlobalRecommend: recommended in 28.32 ms
23:20:16.632 INFO [main] org.lenskit.cli.Main: If you use LensKit in published research, please see http://lenskit.org/research/
