22:37:45.609 INFO [main] org.lenskit.cli.Main: Starting LensKit 3.0-M1 on Java 1.8.0_77 from Oracle Corporation
22:37:45.701 DEBUG [main] org.lenskit.LenskitInfo: have 5573 active revisions
22:37:45.716 DEBUG [main] org.lenskit.cli.Main: Built from Git revision c0210fa3281ef8b15b0959bcd5fced43c5fec38a
22:37:45.717 DEBUG [main] org.lenskit.cli.Main: Using VM 'Java HotSpot(TM) 64-Bit Server VM' version 25.77-b03 from Oracle Corporation
22:37:45.717 INFO [main] org.lenskit.cli.Main: Have 4 processors and heap limit of 1820 MiB
22:37:45.794 INFO [main] org.lenskit.cli.util.RecommenderLoader: creating fresh recommender
22:37:46.723 INFO [main] org.lenskit.config.ConfigurationLoader: loading script from file:/Users/Xiasen/Documents/recommend%20system/course%201/week%202/nonpers-assignment/etc/mean.groovy
22:37:47.720 DEBUG [main] org.lenskit.data.dao.file.TextEntitySource: loading source ratings with base URI file:/Users/Xiasen/Documents/recommend%20system/course%201/week%202/nonpers-assignment/data/movielens.yml
22:37:47.720 DEBUG [main] org.lenskit.data.dao.file.TextEntitySource: resolved file URI: file:/Users/Xiasen/Documents/recommend%20system/course%201/week%202/nonpers-assignment/data/ratings.csv
22:37:47.737 INFO [main] org.lenskit.data.dao.file.TextEntitySource: loading text file source ratings to read from file:/Users/Xiasen/Documents/recommend%20system/course%201/week%202/nonpers-assignment/data/ratings.csv
22:37:47.746 DEBUG [main] org.lenskit.data.dao.file.TextEntitySource: ratings: using delimiter ,
22:37:47.747 DEBUG [main] org.lenskit.data.dao.file.TextEntitySource: ratings: reading header
22:37:47.747 DEBUG [main] org.lenskit.data.dao.file.TextEntitySource: ratings: reading entities of type EntityType[rating]
22:37:47.811 DEBUG [main] org.lenskit.data.dao.file.TextEntitySource: class org.lenskit.data.ratings.RatingBuilder: using entity builder {}
22:37:47.811 DEBUG [main] org.lenskit.data.dao.file.TextEntitySource: loading source movies with base URI file:/Users/Xiasen/Documents/recommend%20system/course%201/week%202/nonpers-assignment/data/movielens.yml
22:37:47.811 DEBUG [main] org.lenskit.data.dao.file.TextEntitySource: resolved file URI: file:/Users/Xiasen/Documents/recommend%20system/course%201/week%202/nonpers-assignment/data/movies.csv
22:37:47.811 INFO [main] org.lenskit.data.dao.file.TextEntitySource: loading text file source movies to read from file:/Users/Xiasen/Documents/recommend%20system/course%201/week%202/nonpers-assignment/data/movies.csv
22:37:47.811 DEBUG [main] org.lenskit.data.dao.file.TextEntitySource: movies: using delimiter ,
22:37:47.811 DEBUG [main] org.lenskit.data.dao.file.TextEntitySource: movies: reading header
22:37:47.811 DEBUG [main] org.lenskit.data.dao.file.TextEntitySource: movies: reading entities of type EntityType[item]
22:37:47.812 DEBUG [main] org.lenskit.data.dao.file.TextEntitySource: class org.lenskit.data.entities.BasicEntityBuilder: using entity builder {}
22:37:47.812 DEBUG [main] org.lenskit.data.dao.file.TextEntitySource: loading source tags with base URI file:/Users/Xiasen/Documents/recommend%20system/course%201/week%202/nonpers-assignment/data/movielens.yml
22:37:47.812 DEBUG [main] org.lenskit.data.dao.file.TextEntitySource: resolved file URI: file:/Users/Xiasen/Documents/recommend%20system/course%201/week%202/nonpers-assignment/data/tags.csv
22:37:47.812 INFO [main] org.lenskit.data.dao.file.TextEntitySource: loading text file source tags to read from file:/Users/Xiasen/Documents/recommend%20system/course%201/week%202/nonpers-assignment/data/tags.csv
22:37:47.812 DEBUG [main] org.lenskit.data.dao.file.TextEntitySource: tags: using delimiter ,
22:37:47.812 DEBUG [main] org.lenskit.data.dao.file.TextEntitySource: tags: reading header
22:37:47.812 DEBUG [main] org.lenskit.data.dao.file.TextEntitySource: tags: reading entities of type EntityType[item-tag]
22:37:47.813 DEBUG [main] org.lenskit.data.dao.file.TextEntitySource: class org.lenskit.data.entities.BasicEntityBuilder: using entity builder {}
22:37:47.823 DEBUG [main] org.lenskit.LenskitRecommenderEngineBuilder: building graph from 3 configurations
22:37:47.916 DEBUG [main] org.lenskit.inject.RecommenderInstantiator: replacing nodes in graph with 9 nodes
22:37:47.923 DEBUG [main] org.lenskit.inject.RecommenderInstantiator: found 5 shared nodes
22:37:50.804 INFO [main] org.lenskit.data.dao.file.StaticDataSource: deriving entity type EntityType[user] from EntityType[rating] (column TypedName[user: long])
22:37:51.084 INFO [main] org.lenskit.data.dao.file.StaticDataSource: deriving entity type EntityType[item] from EntityType[rating] (column TypedName[item: long])
22:37:51.396 DEBUG [main] org.lenskit.data.entities.EntityCollectionBuilder: built collection of 2500 entities with type EntityType[item] and 2 indexes
22:37:51.537 DEBUG [main] org.lenskit.data.entities.EntityCollectionBuilder: built collection of 264505 entities with type EntityType[rating] and 2 indexes
22:37:51.585 DEBUG [main] org.lenskit.data.entities.EntityCollectionBuilder: built collection of 94875 entities with type EntityType[item-tag] and 2 indexes
22:37:51.587 DEBUG [main] org.lenskit.data.entities.EntityCollectionBuilder: built collection of 862 entities with type EntityType[user] and 2 indexes
22:37:51.714 INFO [main] org.lenskit.mooc.nonpers.mean.ItemMeanModelProvider: computed mean ratings for 2500 items
22:37:51.729 DEBUG [main] org.lenskit.inject.RecommenderInstantiator: final graph has 9 nodes
22:37:51.731 INFO [main] org.lenskit.cli.util.RecommenderLoader: built recommender in 3.907 s
22:37:51.736 INFO [main] org.lenskit.cli.commands.GlobalRecommend: using 0 reference items: []
22:37:51.739 INFO [main] org.lenskit.mooc.nonpers.mean.MeanItemBasedItemRecommender: computing 10 recommendations from 2500 items
22:37:52.259 INFO [main] org.lenskit.cli.commands.GlobalRecommend: recommended in 522.1 ms
22:37:52.260 INFO [main] org.lenskit.cli.Main: If you use LensKit in published research, please see http://lenskit.org/research/
